[debug] [2021-04-03T23:45:33.732Z] ----------------------------------------------------------------------
[debug] [2021-04-03T23:45:33.733Z] Command:       C:\Program Files\nodejs\node.exe C:\Users\galoi\AppData\Roaming\npm\node_modules\firebase-tools\lib\bin\firebase.js init
[debug] [2021-04-03T23:45:33.733Z] CLI Version:   9.8.0
[debug] [2021-04-03T23:45:33.734Z] Platform:      win32
[debug] [2021-04-03T23:45:33.734Z] Node Version:  v14.16.0
[debug] [2021-04-03T23:45:33.734Z] Time:          Sat Apr 03 2021 18:45:33 GMT-0500 (Central Daylight Time)
[debug] [2021-04-03T23:45:33.735Z] ----------------------------------------------------------------------
[debug] 
[debug] [2021-04-03T23:45:33.739Z] > command requires scopes: ["email","openid","https://www.googleapis.com/auth/cloudplatformprojects.readonly","https://www.googleapis.com/auth/firebase","https://www.googleapis.com/auth/cloud-platform"]
[debug] [2021-04-03T23:45:33.740Z] > authorizing via signed-in user
[info] 
     ######## #### ########  ######## ########     ###     ######  ########
     ##        ##  ##     ## ##       ##     ##  ##   ##  ##       ##
     ######    ##  ########  ######   ########  #########  ######  ######
     ##        ##  ##    ##  ##       ##     ## ##     ##       ## ##
     ##       #### ##     ## ######## ########  ##     ##  ######  ########

You're about to initialize a Firebase project in this directory:

  C:\Users\galoi\Desktop\School\Spring 2021\EECS 448\Projects\tweeter

[info] 
=== Project Setup
[info] 
[info] First, let's associate this project directory with a Firebase project.
[info] You can create multiple project aliases by running firebase use --add, 
[info] but for now we'll just set up a default project.
[info] 
[debug] [2021-04-03T23:45:50.124Z] >>> [apiv2][query] GET https://firebase.googleapis.com/v1beta1/projects pageSize=100
[debug] [2021-04-03T23:45:50.489Z] <<< [apiv2][status] GET https://firebase.googleapis.com/v1beta1/projects 200
[debug] [2021-04-03T23:45:50.489Z] <<< [apiv2][body] GET https://firebase.googleapis.com/v1beta1/projects [omitted]
[info] i  Using project tweeter-19786 (tweeter) 
[info] 
=== Hosting Setup
[info] 
[info] Your public directory is the folder (relative to your project directory) that
[info] will contain Hosting assets to be uploaded with firebase deploy. If you
[info] have a build process for your assets, use your build's output directory.
[info] 
